============================= test session starts ==============================
platform linux -- Python 3.13.5, pytest-9.0.2, pluggy-1.6.0 -- /opt/pyvenv/bin/python
cachedir: .pytest_cache
metadata: {'Python': '3.13.5', 'Platform': 'Linux-6.18.35-x86_64-with-glibc2.41', 'Packages': {'pytest': '9.0.2', 'pluggy': '1.6.0'}, 'Plugins': {'anyio': '4.13.0', 'ddtrace': '4.4.0', 'Faker': '40.1.2', 'asyncio': '1.3.0', 'cov': '7.0.0', 'json-report': '1.5.0', 'metadata': '3.1.1'}, 'PLATFORM': 'linux/amd64', 'CI': 'true'}
rootdir: /mnt/data/PRT582_Intelligent_Timetable_Scheduler
plugins: anyio-4.13.0, ddtrace-4.4.0, Faker-40.1.2, asyncio-1.3.0, cov-7.0.0, json-report-1.5.0, metadata-3.1.1
asyncio: mode=Mode.STRICT, debug=False, asyncio_default_fixture_loop_scope=None, asyncio_default_test_loop_scope=function
collecting ... collected 29 items

tests/test_scheduler.py::test_room_larger_than_class_is_suitable PASSED  [  3%]
tests/test_scheduler.py::test_room_equal_to_class_is_suitable PASSED     [  6%]
tests/test_scheduler.py::test_room_one_seat_too_small_is_rejected PASSED [ 10%]
tests/test_scheduler.py::test_available_lecturer_is_accepted PASSED      [ 13%]
tests/test_scheduler.py::test_unavailable_lecturer_is_rejected PASSED    [ 17%]
tests/test_scheduler.py::test_room_clash_is_detected PASSED              [ 20%]
tests/test_scheduler.py::test_same_room_different_slot_is_not_a_clash PASSED [ 24%]
tests/test_scheduler.py::test_lecturer_clash_is_detected PASSED          [ 27%]
tests/test_scheduler.py::test_same_lecturer_different_slot_is_not_a_clash PASSED [ 31%]
tests/test_scheduler.py::test_prerequisite_must_be_earlier PASSED        [ 34%]
tests/test_scheduler.py::test_missing_prerequisite_is_not_satisfied PASSED [ 37%]
tests/test_scheduler.py::test_scheduler_uses_valid_preferred_slot PASSED [ 41%]
tests/test_scheduler.py::test_scheduler_falls_back_when_preferred_slot_unavailable PASSED [ 44%]
tests/test_scheduler.py::test_scheduler_prevents_room_clash PASSED       [ 48%]
tests/test_scheduler.py::test_scheduler_prevents_lecturer_clash PASSED   [ 51%]
tests/test_scheduler.py::test_scheduler_orders_prerequisite_before_dependent_course PASSED [ 55%]
tests/test_scheduler.py::test_unschedulable_course_is_reported PASSED    [ 58%]
tests/test_scheduler.py::test_same_inputs_produce_same_timetable PASSED  [ 62%]
tests/test_scheduler.py::test_invalid_student_count_raises_value_error[0] PASSED [ 65%]
tests/test_scheduler.py::test_invalid_student_count_raises_value_error[-1] PASSED [ 68%]
tests/test_scheduler.py::test_invalid_room_capacity_raises_value_error[0] PASSED [ 72%]
tests/test_scheduler.py::test_invalid_room_capacity_raises_value_error[-1] PASSED [ 75%]
tests/test_scheduler.py::test_wrong_student_type_raises_type_error PASSED [ 79%]
tests/test_scheduler.py::test_missing_course_code_is_rejected PASSED     [ 82%]
tests/test_scheduler.py::test_missing_lecturer_is_rejected PASSED        [ 86%]
tests/test_scheduler.py::test_unknown_availability_slot_is_rejected PASSED [ 89%]
tests/test_scheduler.py::test_unknown_prerequisite_is_rejected PASSED    [ 93%]
tests/test_scheduler.py::test_duplicate_course_codes_are_rejected PASSED [ 96%]
tests/test_scheduler.py::test_cyclic_prerequisite_is_rejected PASSED     [100%]

============================== 29 passed in 0.08s ==============================
